(---------------------------------------------------------------------)
(                                                                     )
(    QUICKPLACE LOG                                                   )
(                                                                     )
(    Drawing          : ARDUINO_.brd                                  )
(    Software Version : 17.2P028                                      )
(    Date/Time        : Fri Aug 02 13:37:08 2019                      )
(                                                                     )
(---------------------------------------------------------------------)


State: Placing on layer TOP

         Placed symbol:  U3 / ATMEGA8-TQFP32_9_ATMEGA328_ATME / ATMEGA328 at (9.5322 56.1358)
         Placed symbol:  IC2 / ATMEGA8-TQFP32_2_ATMEGA3_ATMEGA / ATMEGA3 at (24.6496 52.0420)
         Placed symbol:  IOH / CON10_SIP10_10X1F -H8.5 / SIP10 at (28.3326 75.2068)
         Placed symbol:  IOL / CON8_SIP8_8X1F -H8.5 / SIP8 at (31.6600 70.1268)
         Placed symbol:  POWER / CON8_JUMPER8_8X1F -H8.5 / JUMPER8 at (36.2574 52.3468)
         Placed symbol:  U4 / LM358_13_DIP8_3_LM358 / DIP8_3 at (42.1756 59.9668)
         Placed symbol:  6X1F-H8.5 / CON6_5_SIP6_AD / SIP6 at (53.1230 65.0468)
         Placed symbol:  T1 / NDC7003P/SOT_DIP6_3_FND340P / DIP6_3 at (55.8662 58.0618)
         Placed symbol:  ICSP / CON6A_PIN6_3X2 M / PIN6 at (8.9432 90.4554)
         Placed symbol:  U2 / LP2957/TO_5_DIP6_3_SP2985-33DBV / DIP6_3 at (14.4914 93.2154)
         Placed symbol:  ICSP1 / CON6A_PIN6_3X2 M / PIN6 at (28.0546 90.4554)
         Placed symbol:  J1 / CON6_6_SIP6_CON6 / SIP6 at (34.1870 100.2004)
         Placed symbol:  U1 / NC7SZ66/SOT23_3_DIP4_3_NUP1117S / DIP4_3 at (36.9302 90.0404)
         Placed symbol:  JP2 / CON4A_JUMPER4_2X2 M - NM / JUMPER4 at (47.2934 87.7544)
         Placed symbol:  SW2 / SW PUSHBUTTON-SPST-2/SM_0_SW_RE / SW at (61.3130 89.4754)
         Placed symbol:  X1 / BA17805T/TO_4_X1_POWERSUPPLY_DC / X1 at (7.4032 104.4836)
         Placed symbol:  D2 / DIODE_DO35_CD1206-S01575 / DO35 at (17.0388 103.5786)
         Placed symbol:  D3 / DIODE_DO35_CD1206-S01575 / DO35 at (19.9344 103.5786)
         Placed symbol:  F1 / FUSE_FUSE_500MA / FUSE at (25.0340 104.0086)
         Placed symbol:  C7 / CAP NP_SMDCAP_100N / SMDCAP at (31.3122 103.4516)
         Placed symbol:  D1 / DIODE_DO35_M7 / DO35 at (36.1128 103.5786)
         Placed symbol:  Y1 / ZTA_16M_16MHZ / 16M at (42.8360 105.0586)
         Placed symbol:  C6 / CAP NP_SMDCAP_100N / SMDCAP at (51.4642 103.4516)
         Placed symbol:  C5 / CAP NP_SMDCAP_100N / SMDCAP at (58.0174 103.4516)
         Placed symbol:  CSTCE16M0V53-R0 / ZTA_16M_16MHZ / 16M at (9.7232 116.9458)
         Placed symbol:  C8 / CAP NP_SMDCAP_1U / SMDCAP at (18.3514 115.3388)
         Placed symbol:  L / LED_SML0805_YELLOW / SML0805 at (22.7202 115.2880)
         Placed symbol:  RX / LED_SML0805_YELLOW / SML0805 at (26.8858 115.2880)
         Placed symbol:  TX / LED_SML0805_YELLOW / SML0805 at (31.0514 115.2880)
         Placed symbol:  L1 / BEAD_BE_BLM21 / BE at (36.8128 115.1788)
         Placed symbol:  C4 / CAP NP_SMDCAP_100N / SMDCAP at (41.9490 115.3388)
         Placed symbol:  C3 / CAP NP_SMDCAP_1U / SMDCAP at (48.5022 115.3388)
         Placed symbol:  C9 / CAP NP_SMDCAP_22P / SMDCAP at (55.0554 115.3388)
         Placed symbol:  C13 / CAP NP_SMDCAP_22P / SMDCAP at (61.6086 115.3388)
         Placed symbol:  R1 / R2_SMDRES_1M / SMDRES at (6.8862 120.7880)
         Placed symbol:  R2 / R2_SMDRES_1M / SMDRES at (11.8519 120.7880)
         Placed symbol:  R12 / R2_SMDRES_10K / SMDRES at (16.8176 120.7880)
         Placed symbol:  R13 / R2_SMDRES_10K / SMDRES at (21.7833 120.7880)
         Placed symbol:  RN1C / R2_SMDRES_10K / SMDRES at (26.7490 120.7880)
         Placed symbol:  RN1D / R2_SMDRES_10K / SMDRES at (31.7147 120.7880)
         Placed symbol:  RESET-EN / SW KEY-SPST_CAPCK06_SW KEY-SPST / CAPCK06 at (35.5374 121.1690)
         Placed symbol:  SW1 / SW KEY-SPST_CAPCK06_SW KEY-SPST / CAPCK06 at (38.2806 121.1690)
         Placed symbol:  RN2A / R2_SMDRES_1K / SMDRES at (42.1668 120.7880)
         Placed symbol:  RN2B / R2_SMDRES_1K / SMDRES at (47.1325 120.7880)
         Placed symbol:  RN2C / R2_SMDRES_1K / SMDRES at (52.0982 120.7880)
         Placed symbol:  RN2D / R2_SMDRES_1K / SMDRES at (57.0639 120.7880)
         Placed symbol:  RN4A / R2_SMDRES_1K / SMDRES at (62.0296 120.7880)
         Placed symbol:  RN4B / R2_SMDRES_1K / SMDRES at (6.8862 128.6112)
         Placed symbol:  RN4C / R2_SMDRES_1K / SMDRES at (11.8519 128.6112)
         Placed symbol:  RN4D / R2_SMDRES_1K / SMDRES at (16.8176 128.6112)
         Placed symbol:  RN3A / R2_SMDRES_22P / SMDRES at (21.7833 128.6112)
         Placed symbol:  RN3D / R2_SMDRES_22P / SMDRES at (26.7490 128.6112)
         Placed symbol:  RN3B / R2_SMDRES_22R / SMDRES at (31.7147 128.6112)
         Placed symbol:  RN3C / R2_SMDRES_22R / SMDRES at (36.6804 128.6112)
         Placed symbol:  C12 / CAP NP_SMDCAP_22P / SMDCAP at (42.4081 128.8652)
         Placed symbol:  PC2 / CAP POL_CAP196_47U / CAP196 at (48.5803 128.9922)
         Placed symbol:  C11 / CAP NP_SMDCAP_22P / SMDCAP at (54.7525 128.8652)
         Placed symbol:  C2 / CAP NP_SMDCAP_100N / SMDCAP at (61.3057 128.8652)
         Placed symbol:  C1 / CAP NP_SMDCAP_100N / SMDCAP at (7.6482 134.1484)
         Placed symbol:  ON / LED_SML0805_GREEN / SML0805 at (12.0170 134.0976)
         Placed symbol:  PC1 / CAP POL_CAP196_47U / CAP196 at (17.9860 134.2754)
         Placed symbol:  Z1 / VARISTOR_BE_CG0603ML C-05E / BE at (23.5696 133.9884)
         Placed symbol:  Z2 / VARISTOR_BE_CG0603MLC-05E / BE at (28.1172 133.9884)


Placed 63 of 63 applicable (63 total) symbols.

-----------------------------------------------------------------------

